<?xml version="1.0" encoding="UTF-8"?>
<!-- Generated by org.testng.reporters.JUnitReportReporter -->
<testsuite hostname="LAPTOP-B5DT44ER" failures="0" tests="4" name="SeleniumQA_Pracs.SeleniumQA_Pracs.TestNGenabledDay2" time="0.042" errors="0" timestamp="2023-03-29T17:10:17 IST" skipped="2">
  <testcase classname="SeleniumQA_Pracs.SeleniumQA_Pracs.TestNGenabledDay2" name="Addition" time="0.036"/>
  <system-out/>
  <testcase classname="SeleniumQA_Pracs.SeleniumQA_Pracs.TestNGenabledDay2" name="Division" time="0.006"/>
  <system-out/>
  <testcase classname="SeleniumQA_Pracs.SeleniumQA_Pracs.TestNGenabledDay2" name="Multiplication">
    <skipped/>
  </testcase> <!-- Multiplication -->
  <system-out/>
  <testcase classname="SeleniumQA_Pracs.SeleniumQA_Pracs.TestNGenabledDay2" name="Subtraction">
    <skipped/>
  </testcase> <!-- Subtraction -->
  <system-out/>
</testsuite> <!-- SeleniumQA_Pracs.SeleniumQA_Pracs.TestNGenabledDay2 -->
