<?xml version="1.0" encoding="UTF-8"?>
<!-- Generated by org.testng.reporters.JUnitReportReporter -->
<testsuite hostname="LAPTOP-B5DT44ER" failures="0" tests="2" name="SeleniumQA_Pracs.SeleniumQA_Pracs.TestNGgroupsDay2" time="0.046" errors="0" timestamp="2023-03-29T17:13:35 IST" skipped="0">
  <testcase classname="SeleniumQA_Pracs.SeleniumQA_Pracs.TestNGgroupsDay2" name="Subtraction" time="0.014"/>
  <system-out/>
  <testcase classname="SeleniumQA_Pracs.SeleniumQA_Pracs.TestNGgroupsDay2" name="Division" time="0.032"/>
  <system-out/>
</testsuite> <!-- SeleniumQA_Pracs.SeleniumQA_Pracs.TestNGgroupsDay2 -->
