<?xml version="1.0" encoding="UTF-8"?>
<!-- Generated by org.testng.reporters.JUnitReportReporter -->
<testsuite hostname="LAPTOP-B5DT44ER" failures="0" tests="2" name="SeleniumQA_Pracs.SeleniumQA_Pracs.TestNGdemoDay1" time="0.012" errors="0" timestamp="2023-03-29T16:33:15 IST" skipped="0">
  <testcase classname="SeleniumQA_Pracs.SeleniumQA_Pracs.TestNGdemoDay1" name="verifyVariableValue" time="0.004"/>
  <system-out/>
  <testcase classname="SeleniumQA_Pracs.SeleniumQA_Pracs.TestNGdemoDay1" name="verifyString" time="0.008"/>
  <system-out/>
</testsuite> <!-- SeleniumQA_Pracs.SeleniumQA_Pracs.TestNGdemoDay1 -->
