<?xml version="1.0" encoding="UTF-8"?>
<!-- Generated by org.testng.reporters.JUnitReportReporter -->
<testsuite hostname="LAPTOP-B5DT44ER" failures="0" tests="4" name="SeleniumQA_Pracs.SeleniumQA_Pracs.TestNGpriorityDay2" time="0.017" errors="0" timestamp="2023-03-29T16:33:15 IST" skipped="0">
  <testcase classname="SeleniumQA_Pracs.SeleniumQA_Pracs.TestNGpriorityDay2" name="Division" time="0.005"/>
  <system-out/>
  <testcase classname="SeleniumQA_Pracs.SeleniumQA_Pracs.TestNGpriorityDay2" name="Addition" time="0.002"/>
  <system-out/>
  <testcase classname="SeleniumQA_Pracs.SeleniumQA_Pracs.TestNGpriorityDay2" name="Subtraction" time="0.005"/>
  <system-out/>
  <testcase classname="SeleniumQA_Pracs.SeleniumQA_Pracs.TestNGpriorityDay2" name="Multiplication" time="0.005"/>
  <system-out/>
</testsuite> <!-- SeleniumQA_Pracs.SeleniumQA_Pracs.TestNGpriorityDay2 -->
