<?xml version="1.0" encoding="UTF-8"?>
<!-- Generated by org.testng.reporters.JUnitReportReporter -->
<testsuite hostname="LAPTOP-B5DT44ER" failures="0" tests="5" name="SeleniumQA_Pracs.SeleniumQA_Pracs.TestNGdemo1Day1" time="0.050" errors="0" timestamp="2023-03-29T16:33:15 IST" skipped="0">
  <testcase classname="SeleniumQA_Pracs.SeleniumQA_Pracs.TestNGdemo1Day1" name="Method1" time="0.009"/>
  <system-out/>
  <testcase classname="SeleniumQA_Pracs.SeleniumQA_Pracs.TestNGdemo1Day1" name="Method2" time="0.014"/>
  <system-out/>
  <testcase classname="SeleniumQA_Pracs.SeleniumQA_Pracs.TestNGdemo1Day1" name="Method5" time="0.011"/>
  <system-out/>
  <testcase classname="SeleniumQA_Pracs.SeleniumQA_Pracs.TestNGdemo1Day1" name="Method3" time="0.010"/>
  <system-out/>
  <testcase classname="SeleniumQA_Pracs.SeleniumQA_Pracs.TestNGdemo1Day1" name="Method4" time="0.006"/>
  <system-out/>
</testsuite> <!-- SeleniumQA_Pracs.SeleniumQA_Pracs.TestNGdemo1Day1 -->
